2024-06-07 10:47:37 - Starting ApplicationLogApplication using Java 21.0.2 with PID 8760 (D:\Exercise\application-log\target\classes started by kongheng.long in D:\Exercise\application-log)
2024-06-07 10:47:37 - No active profile set, falling back to 1 default profile: "default"
2024-06-07 10:47:38 - Tomcat initialized with port 8080 (http)
2024-06-07 10:47:38 - Initializing ProtocolHandler ["http-nio-8080"]
2024-06-07 10:47:38 - Starting service [Tomcat]
2024-06-07 10:47:38 - Starting Servlet engine: [Apache Tomcat/10.1.24]
2024-06-07 10:47:38 - Initializing Spring embedded WebApplicationContext
2024-06-07 10:47:38 - Root WebApplicationContext: initialization completed in 906 ms
2024-06-07 10:47:38 - Starting ProtocolHandler ["http-nio-8080"]
2024-06-07 10:47:38 - Tomcat started on port 8080 (http) with context path '/'
2024-06-07 10:47:38 - Started ApplicationLogApplication in 1.82 seconds (process running for 2.266)
2024-06-07 10:47:49 - Starting ApplicationLogApplication using Java 21.0.2 with PID 31288 (D:\Exercise\application-log\target\classes started by kongheng.long in D:\Exercise\application-log)
2024-06-07 10:47:49 - No active profile set, falling back to 1 default profile: "default"
2024-06-07 10:47:50 - Tomcat initialized with port 8080 (http)
2024-06-07 10:47:50 - Initializing ProtocolHandler ["http-nio-8080"]
2024-06-07 10:47:50 - Starting service [Tomcat]
2024-06-07 10:47:50 - Starting Servlet engine: [Apache Tomcat/10.1.24]
2024-06-07 10:47:50 - Initializing Spring embedded WebApplicationContext
2024-06-07 10:47:50 - Root WebApplicationContext: initialization completed in 877 ms
2024-06-07 10:47:51 - Starting ProtocolHandler ["http-nio-8080"]
2024-06-07 10:47:51 - Tomcat started on port 8080 (http) with context path '/'
2024-06-07 10:47:51 - Started ApplicationLogApplication in 1.664 seconds (process running for 1.968)
